2025-07-21 19:13:32,669 - INFO - Found credentials in shared credentials file: ~/.aws/credentials
2025-07-21 19:14:32,461 - INFO - ================================================================================
2025-07-21 19:14:32,464 - INFO - --------------------------------------------------
2025-07-21 19:14:32,934 - INFO -    Processing 316 rows
2025-07-21 19:17:06,905 - INFO -    Processing 1,333 medical records
2025-07-21 19:17:10,626 - INFO - --------------------------------------------------
2025-07-21 19:17:10,803 - INFO -    Processing 251 rows
2025-07-21 19:19:12,600 - INFO -    Processing 1,900 medical records
2025-07-21 19:19:18,045 - INFO - --------------------------------------------------
2025-07-21 19:19:35,223 - INFO -    Loaded 129,496 document links
2025-07-21 19:19:35,365 - INFO -    Processed 1/129496 documents...
2025-07-21 19:24:03,903 - INFO -    Processed 1001/129496 documents...
2025-07-21 19:26:21,357 - INFO -    Processed 2001/129496 documents...
2025-07-21 19:29:13,165 - INFO -    Processed 3001/129496 documents...
2025-07-21 19:31:18,224 - INFO -    Processed 4001/129496 documents...
2025-07-21 19:32:44,244 - INFO -    Processed 5001/129496 documents...
2025-07-21 19:33:38,757 - INFO -    Processed 6001/129496 documents...
2025-07-21 19:34:32,805 - INFO -    Processed 7001/129496 documents...
2025-07-21 19:35:01,432 - INFO -    Processed 8001/129496 documents...
2025-07-21 19:35:48,694 - INFO -    Processed 9001/129496 documents...
2025-07-21 19:36:10,692 - INFO -    Processed 10001/129496 documents...
2025-07-21 19:36:26,392 - INFO -    Processed 11001/129496 documents...
2025-07-21 19:36:35,949 - INFO -    Processed 12001/129496 documents...
2025-07-21 19:36:45,463 - INFO -    Processed 13001/129496 documents...
2025-07-21 19:37:01,218 - INFO -    Processed 14001/129496 documents...
2025-07-21 19:37:10,497 - INFO -    Processed 15001/129496 documents...
2025-07-21 19:37:20,070 - INFO -    Processed 16001/129496 documents...
2025-07-21 19:37:41,957 - INFO -    Processed 17001/129496 documents...
2025-07-21 19:37:44,809 - INFO -    Processed 18001/129496 documents...
2025-07-21 19:38:00,464 - INFO -    Processed 19001/129496 documents...
2025-07-21 19:38:09,634 - INFO -    Processed 20001/129496 documents...
2025-07-21 19:38:12,354 - INFO -    Processed 21001/129496 documents...
2025-07-21 19:38:15,026 - INFO -    Processed 22001/129496 documents...
2025-07-21 19:38:17,797 - INFO -    Processed 23001/129496 documents...
2025-07-21 19:38:26,961 - INFO -    Processed 24001/129496 documents...
2025-07-21 19:38:29,756 - INFO -    Processed 25001/129496 documents...
2025-07-21 19:38:32,599 - INFO -    Processed 26001/129496 documents...
2025-07-21 19:38:35,283 - INFO -    Processed 27001/129496 documents...
2025-07-21 19:38:38,097 - INFO -    Processed 28001/129496 documents...
2025-07-21 19:38:40,936 - INFO -    Processed 29001/129496 documents...
2025-07-21 19:38:43,738 - INFO -    Processed 30001/129496 documents...
2025-07-21 19:38:46,512 - INFO -    Processed 31001/129496 documents...
2025-07-21 19:38:49,417 - INFO -    Processed 32001/129496 documents...
2025-07-21 19:38:52,153 - INFO -    Processed 33001/129496 documents...
2025-07-21 19:38:54,887 - INFO -    Processed 34001/129496 documents...
2025-07-21 19:38:57,952 - INFO -    Processed 35001/129496 documents...
2025-07-21 19:39:00,882 - INFO -    Processed 36001/129496 documents...
2025-07-21 19:39:03,733 - INFO -    Processed 37001/129496 documents...
2025-07-21 19:39:06,659 - INFO -    Processed 38001/129496 documents...
2025-07-21 19:39:09,360 - INFO -    Processed 39001/129496 documents...
2025-07-21 19:39:12,052 - INFO -    Processed 40001/129496 documents...
2025-07-21 19:39:14,826 - INFO -    Processed 41001/129496 documents...
2025-07-21 19:39:17,608 - INFO -    Processed 42001/129496 documents...
2025-07-21 19:39:20,925 - INFO -    Processed 43001/129496 documents...
2025-07-21 19:39:24,002 - INFO -    Processed 44001/129496 documents...
2025-07-21 19:39:26,708 - INFO -    Processed 45001/129496 documents...
2025-07-21 19:39:29,464 - INFO -    Processed 46001/129496 documents...
2025-07-21 19:39:32,560 - INFO -    Processed 47001/129496 documents...
2025-07-21 19:39:35,257 - INFO -    Processed 48001/129496 documents...
2025-07-21 19:39:38,288 - INFO -    Processed 49001/129496 documents...
2025-07-21 19:39:41,312 - INFO -    Processed 50001/129496 documents...
2025-07-21 19:39:44,239 - INFO -    Processed 51001/129496 documents...
2025-07-21 19:39:47,067 - INFO -    Processed 52001/129496 documents...
2025-07-21 19:39:49,896 - INFO -    Processed 53001/129496 documents...
2025-07-21 19:39:53,123 - INFO -    Processed 54001/129496 documents...
2025-07-21 19:39:55,891 - INFO -    Processed 55001/129496 documents...
2025-07-21 19:39:58,625 - INFO -    Processed 56001/129496 documents...
2025-07-21 19:40:01,425 - INFO -    Processed 57001/129496 documents...
2025-07-21 19:40:04,489 - INFO -    Processed 58001/129496 documents...
2025-07-21 19:40:07,298 - INFO -    Processed 59001/129496 documents...
2025-07-21 19:40:10,150 - INFO -    Processed 60001/129496 documents...
2025-07-21 19:40:13,418 - INFO -    Processed 61001/129496 documents...
2025-07-21 19:40:16,149 - INFO -    Processed 62001/129496 documents...
2025-07-21 19:40:18,995 - INFO -    Processed 63001/129496 documents...
2025-07-21 19:40:21,711 - INFO -    Processed 64001/129496 documents...
2025-07-21 19:40:24,644 - INFO -    Processed 65001/129496 documents...
2025-07-21 19:40:27,446 - INFO -    Processed 66001/129496 documents...
2025-07-21 19:40:30,145 - INFO -    Processed 67001/129496 documents...
2025-07-21 19:40:33,015 - INFO -    Processed 68001/129496 documents...
2025-07-21 19:40:35,842 - INFO -    Processed 69001/129496 documents...
2025-07-21 19:40:38,711 - INFO -    Processed 70001/129496 documents...
2025-07-21 19:40:42,466 - INFO -    Processed 71001/129496 documents...
2025-07-21 19:40:45,505 - INFO -    Processed 72001/129496 documents...
2025-07-21 19:40:48,494 - INFO -    Processed 73001/129496 documents...
2025-07-21 19:40:51,321 - INFO -    Processed 74001/129496 documents...
2025-07-21 19:40:54,177 - INFO -    Processed 75001/129496 documents...
2025-07-21 19:40:57,105 - INFO -    Processed 76001/129496 documents...
2025-07-21 19:41:00,182 - INFO -    Processed 77001/129496 documents...
2025-07-21 19:41:02,953 - INFO -    Processed 78001/129496 documents...
2025-07-21 19:41:05,740 - INFO -    Processed 79001/129496 documents...
2025-07-21 19:41:08,546 - INFO -    Processed 80001/129496 documents...
2025-07-21 19:41:11,538 - INFO -    Processed 81001/129496 documents...
2025-07-21 19:41:14,393 - INFO -    Processed 82001/129496 documents...
2025-07-21 19:41:17,273 - INFO -    Processed 83001/129496 documents...
2025-07-21 19:41:20,134 - INFO -    Processed 84001/129496 documents...
2025-07-21 19:41:23,050 - INFO -    Processed 85001/129496 documents...
2025-07-21 19:41:26,349 - INFO -    Processed 86001/129496 documents...
2025-07-21 19:41:29,566 - INFO -    Processed 87001/129496 documents...
2025-07-21 19:41:32,808 - INFO -    Processed 88001/129496 documents...
2025-07-21 19:41:36,345 - INFO -    Processed 89001/129496 documents...
2025-07-21 19:41:39,735 - INFO -    Processed 90001/129496 documents...
2025-07-21 19:41:44,164 - INFO -    Processed 91001/129496 documents...
2025-07-21 19:41:47,246 - INFO -    Processed 92001/129496 documents...
2025-07-21 19:41:50,405 - INFO -    Processed 93001/129496 documents...
2025-07-21 19:41:53,416 - INFO -    Processed 94001/129496 documents...
2025-07-21 19:41:56,254 - INFO -    Processed 95001/129496 documents...
2025-07-21 19:41:59,112 - INFO -    Processed 96001/129496 documents...
2025-07-21 19:42:02,049 - INFO -    Processed 97001/129496 documents...
2025-07-21 19:42:04,783 - INFO -    Processed 98001/129496 documents...
2025-07-21 19:42:07,617 - INFO -    Processed 99001/129496 documents...
2025-07-21 19:42:10,261 - INFO -    Processed 100001/129496 documents...
2025-07-21 19:42:13,049 - INFO -    Processed 101001/129496 documents...
2025-07-21 19:42:15,847 - INFO -    Processed 102001/129496 documents...
2025-07-21 19:42:18,786 - INFO -    Processed 103001/129496 documents...
2025-07-21 19:42:21,576 - INFO -    Processed 104001/129496 documents...
2025-07-21 19:42:24,606 - INFO -    Processed 105001/129496 documents...
2025-07-21 19:42:27,407 - INFO -    Processed 106001/129496 documents...
2025-07-21 19:42:30,111 - INFO -    Processed 107001/129496 documents...
2025-07-21 19:42:33,003 - INFO -    Processed 108001/129496 documents...
2025-07-21 19:42:35,952 - INFO -    Processed 109001/129496 documents...
2025-07-21 19:42:38,777 - INFO -    Processed 110001/129496 documents...
2025-07-21 19:42:41,787 - INFO -    Processed 111001/129496 documents...
2025-07-21 19:42:44,931 - INFO -    Processed 112001/129496 documents...
2025-07-21 19:42:48,181 - INFO -    Processed 113001/129496 documents...
2025-07-21 19:42:51,189 - INFO -    Processed 114001/129496 documents...
2025-07-21 19:42:54,201 - INFO -    Processed 115001/129496 documents...
2025-07-21 19:42:57,389 - INFO -    Processed 116001/129496 documents...
2025-07-21 19:43:00,367 - INFO -    Processed 117001/129496 documents...
2025-07-21 19:43:03,134 - INFO -    Processed 118001/129496 documents...
2025-07-21 19:43:06,039 - INFO -    Processed 119001/129496 documents...
2025-07-21 19:43:08,821 - INFO -    Processed 120001/129496 documents...
2025-07-21 19:43:11,885 - INFO -    Processed 121001/129496 documents...
2025-07-21 19:43:14,684 - INFO -    Processed 122001/129496 documents...
2025-07-21 19:43:17,654 - INFO -    Processed 123001/129496 documents...
2025-07-21 19:43:20,460 - INFO -    Processed 124001/129496 documents...
2025-07-21 19:43:23,377 - INFO -    Processed 125001/129496 documents...
2025-07-21 19:43:26,202 - INFO -    Processed 126001/129496 documents...
2025-07-21 19:43:28,975 - INFO -    Processed 127001/129496 documents...
2025-07-21 19:43:31,702 - INFO -    Processed 128001/129496 documents...
2025-07-21 19:43:34,492 - INFO -    Processed 129001/129496 documents...
2025-07-21 19:43:49,017 - INFO -    Loaded 106,808 document links
2025-07-21 19:43:49,145 - INFO -    Processed 1/106808 documents...
2025-07-21 19:48:01,564 - INFO -    Processed 1001/106808 documents...
2025-07-21 19:51:08,757 - INFO -    Processed 2001/106808 documents...
2025-07-21 19:53:31,544 - INFO -    Processed 3001/106808 documents...
2025-07-21 19:55:16,678 - INFO -    Processed 4001/106808 documents...
2025-07-21 19:56:23,917 - INFO -    Processed 5001/106808 documents...
2025-07-21 19:57:36,780 - INFO -    Processed 6001/106808 documents...
2025-07-21 19:58:24,351 - INFO -    Processed 7001/106808 documents...
2025-07-21 19:59:05,586 - INFO -    Processed 8001/106808 documents...
2025-07-21 19:59:42,057 - INFO -    Processed 9001/106808 documents...
2025-07-21 20:00:10,986 - INFO -    Processed 10001/106808 documents...
2025-07-21 20:00:14,278 - INFO -    Processed 11001/106808 documents...
2025-07-21 20:00:28,106 - INFO -    Processed 12001/106808 documents...
2025-07-21 20:01:10,598 - INFO -    Processed 13001/106808 documents...
2025-07-21 20:01:26,480 - INFO -    Processed 14001/106808 documents...
2025-07-21 20:01:29,369 - INFO -    Processed 15001/106808 documents...
2025-07-21 20:01:38,578 - INFO -    Processed 16001/106808 documents...
2025-07-21 20:01:47,842 - INFO -    Processed 17001/106808 documents...
2025-07-21 20:01:57,309 - INFO -    Processed 18001/106808 documents...
2025-07-21 20:02:00,419 - INFO -    Processed 19001/106808 documents...
2025-07-21 20:02:09,535 - INFO -    Processed 20001/106808 documents...
2025-07-21 20:02:12,840 - INFO -    Processed 21001/106808 documents...
2025-07-21 20:02:15,743 - INFO -    Processed 22001/106808 documents...
2025-07-21 20:02:18,631 - INFO -    Processed 23001/106808 documents...
2025-07-21 20:02:21,474 - INFO -    Processed 24001/106808 documents...
2025-07-21 20:02:30,840 - INFO -    Processed 25001/106808 documents...
2025-07-21 20:02:40,292 - INFO -    Processed 26001/106808 documents...
2025-07-21 20:02:43,085 - INFO -    Processed 27001/106808 documents...
2025-07-21 20:02:45,824 - INFO -    Processed 28001/106808 documents...
2025-07-21 20:02:48,604 - INFO -    Processed 29001/106808 documents...
2025-07-21 20:02:51,341 - INFO -    Processed 30001/106808 documents...
2025-07-21 20:03:00,793 - INFO -    Processed 31001/106808 documents...
2025-07-21 20:03:03,508 - INFO -    Processed 32001/106808 documents...
2025-07-21 20:03:06,206 - INFO -    Processed 33001/106808 documents...
2025-07-21 20:03:09,067 - INFO -    Processed 34001/106808 documents...
2025-07-21 20:03:11,804 - INFO -    Processed 35001/106808 documents...
2025-07-21 20:03:14,634 - INFO -    Processed 36001/106808 documents...
2025-07-21 20:03:17,379 - INFO -    Processed 37001/106808 documents...
2025-07-21 20:03:20,097 - INFO -    Processed 38001/106808 documents...
2025-07-21 20:03:22,888 - INFO -    Processed 39001/106808 documents...
2025-07-21 20:03:25,640 - INFO -    Processed 40001/106808 documents...
2025-07-21 20:03:28,443 - INFO -    Processed 41001/106808 documents...
2025-07-21 20:03:31,781 - INFO -    Processed 42001/106808 documents...
2025-07-21 20:03:34,801 - INFO -    Processed 43001/106808 documents...
2025-07-21 20:03:37,569 - INFO -    Processed 44001/106808 documents...
2025-07-21 20:03:40,353 - INFO -    Processed 45001/106808 documents...
2025-07-21 20:03:43,209 - INFO -    Processed 46001/106808 documents...
2025-07-21 20:03:45,985 - INFO -    Processed 47001/106808 documents...
2025-07-21 20:03:48,768 - INFO -    Processed 48001/106808 documents...
2025-07-21 20:03:51,552 - INFO -    Processed 49001/106808 documents...
2025-07-21 20:03:54,413 - INFO -    Processed 50001/106808 documents...
2025-07-21 20:03:57,125 - INFO -    Processed 51001/106808 documents...
2025-07-21 20:04:00,161 - INFO -    Processed 52001/106808 documents...
2025-07-21 20:04:03,025 - INFO -    Processed 53001/106808 documents...
2025-07-21 20:04:06,048 - INFO -    Processed 54001/106808 documents...
2025-07-21 20:04:08,865 - INFO -    Processed 55001/106808 documents...
2025-07-21 20:04:11,670 - INFO -    Processed 56001/106808 documents...
2025-07-21 20:04:14,429 - INFO -    Processed 57001/106808 documents...
2025-07-21 20:04:17,157 - INFO -    Processed 58001/106808 documents...
2025-07-21 20:04:20,061 - INFO -    Processed 59001/106808 documents...
2025-07-21 20:04:22,755 - INFO -    Processed 60001/106808 documents...
2025-07-21 20:04:25,499 - INFO -    Processed 61001/106808 documents...
2025-07-21 20:04:28,349 - INFO -    Processed 62001/106808 documents...
2025-07-21 20:04:31,123 - INFO -    Processed 63001/106808 documents...
2025-07-21 20:04:34,061 - INFO -    Processed 64001/106808 documents...
2025-07-21 20:04:36,802 - INFO -    Processed 65001/106808 documents...
2025-07-21 20:04:39,557 - INFO -    Processed 66001/106808 documents...
2025-07-21 20:04:42,446 - INFO -    Processed 67001/106808 documents...
2025-07-21 20:04:45,398 - INFO -    Processed 68001/106808 documents...
2025-07-21 20:04:48,714 - INFO -    Processed 69001/106808 documents...
